<?xml version="1.0" encoding="UTF-8"?>
<!-- Generated by org.testng.reporters.JUnitXMLReporter -->
<testsuite ignored="0" hostname="Gauravs-MBP" failures="0" tests="5" name="FlightHomePageTests" time="24.708" errors="0" timestamp="2021-07-15T10:36:08 IST">
  <testcase classname="com.gaurav.testCases.FlightHomePageTest" name="launchFlightBookingSite" time="9.442"/>
  <testcase classname="com.gaurav.testCases.FlightHomePageTest" name="selectRoundTrip" time="1.343"/>
  <testcase classname="com.gaurav.testCases.FlightHomePageTest" name="selectDestinations" time="2.123"/>
  <testcase classname="com.gaurav.testCases.FlightHomePageTest" name="selectDepartureDates" time="0.525"/>
  <testcase classname="com.gaurav.testCases.FlightHomePageTest" name="selectSearchButton" time="10.983"/>
</testsuite> <!-- FlightHomePageTests -->
